<?xml version="1.0" encoding="UTF-8"?>
<!-- Generated by org.testng.reporters.JUnitReportReporter -->
<testsuite skipped="0" hostname="MBP-Ghost" name="com.dice.FirstTest" tests="1" failures="0" timestamp="03 Mar 2018 20:05:27 GMT" time="10.072" errors="0">
  <testcase name="firstTestMethod" time="10.072" classname="com.dice.FirstTest"/>
</testsuite> <!-- com.dice.FirstTest -->
