<?xml version="1.0" encoding="UTF-8"?>
<!-- Generated by org.testng.reporters.JUnitReportReporter -->
<testsuite skipped="0" hostname="MBP-Ghost" name="com.dice.SecondTest" tests="1" failures="0" timestamp="03 Mar 2018 20:05:27 GMT" time="2.990" errors="0">
  <testcase name="secondTestMethod" time="2.990" classname="com.dice.SecondTest"/>
</testsuite> <!-- com.dice.SecondTest -->
