<?xml version="1.0" encoding="UTF-8"?>
<!-- Generated by org.testng.reporters.JUnitReportReporter -->
<testsuite skipped="0" hostname="MBP-Ghost" name="com.dice.LogInTest" tests="1" failures="0" timestamp="05 Mar 2018 23:00:45 GMT" time="8.248" errors="0">
  <testcase name="negativeLogInTest" time="8.248" classname="com.dice.LogInTest"/>
</testsuite> <!-- com.dice.LogInTest -->
