<?xml version="1.0" encoding="UTF-8"?>
<!-- Generated by org.testng.reporters.JUnitReportReporter -->
<testsuite hostname="MBP-Ghost" failures="0" tests="1" name="com.dice.FirstTest" time="8.787" errors="0" timestamp="03 Mar 2018 17:58:39 GMT" skipped="0">
  <testcase classname="com.dice.FirstTest" name="firstTestMethod" time="8.787"/>
</testsuite> <!-- com.dice.FirstTest -->
