<?xml version="1.0" encoding="UTF-8"?>
<!-- Generated by org.testng.reporters.JUnitReportReporter -->
<testsuite hostname="MBP-Ghost" failures="0" tests="1" name="com.dice.FirstTest" time="7.363" errors="0" timestamp="03 Mar 2018 13:33:33 GMT" skipped="0">
  <testcase classname="com.dice.FirstTest" name="firstTestMethod" time="7.363"/>
</testsuite> <!-- com.dice.FirstTest -->
